Arguments: 
  /Users/isabelgutierrez-pils/.asdf/installs/nodejs/19.3.0/bin/node /Users/isabelgutierrez-pils/.asdf/installs/yarn/1.22.19/bin/yarn.js add axios

PATH: 
  /Users/isabelgutierrez-pils/.asdf/plugins/nodejs/shims:/Users/isabelgutierrez-pils/.asdf/installs/nodejs/19.3.0/bin:/Users/isabelgutierrez-pils/.asdf/installs/yarn/1.22.19/bin:/Users/isabelgutierrez-pils/.asdf/shims:/opt/homebrew/opt/asdf/libexec/bin:/opt/homebrew/lib/ruby/gems/3.1.0/bin:/opt/homebrew/opt/ruby/bin:/opt/homebrew/opt/ruby/bin:/opt/homebrew/bin:/opt/homebrew/sbin:/usr/local/bin:/usr/bin:/bin:/usr/sbin:/sbin

Yarn version: 
  1.22.19

Node version: 
  19.3.0

Platform: 
  darwin arm64

Trace: 
  SyntaxError: /Users/isabelgutierrez-pils/code/rails_react_user_form/package.json: Expected double-quoted property name in JSON at position 278
      at JSON.parse (<anonymous>)
      at /Users/isabelgutierrez-pils/.asdf/installs/yarn/1.22.19/lib/cli.js:1629:59
      at Generator.next (<anonymous>)
      at step (/Users/isabelgutierrez-pils/.asdf/installs/yarn/1.22.19/lib/cli.js:310:30)
      at /Users/isabelgutierrez-pils/.asdf/installs/yarn/1.22.19/lib/cli.js:321:13

npm manifest: 
  {
    "name": "app",
    "private": "true",
    "dependencies": {
      "@hotwired/stimulus": "^3.2.1",
      "@hotwired/turbo-rails": "^7.3.0",
      "@popperjs/core": "^2.11.6",
      "antd": "^5.3.0",
      "axios": "^1.3.4",
      "bootstrap": "^5.2.3",
      "bootstrap-icons": "^1.10.3",
      // "cors": "^2.8.5",
      "esbuild": "^0.17.10",
      "react": "^18.2.0",
      "react-dom": "^18.2.0",
      "react-fetch-hook": "^1.9.5",
      "react-router-dom": "^6.8.2",
      "sass": "^1.58.3"
    },
    "scripts": {
      "build": "esbuild app/javascript/*.* --bundle --sourcemap --outdir=app/assets/builds --public-path=assets",
      "build:css": "sass ./app/assets/stylesheets/application.bootstrap.scss:./app/assets/builds/application.css --no-source-map --load-path=node_modules"
    }
  }

yarn manifest: 
  No manifest

Lockfile: 
  # THIS IS AN AUTOGENERATED FILE. DO NOT EDIT THIS FILE DIRECTLY.
  # yarn lockfile v1
  
  
  "@ant-design/colors@^7.0.0":
    version "7.0.0"
    resolved "https://registry.npmjs.org/@ant-design/colors/-/colors-7.0.0.tgz"
    integrity sha512-iVm/9PfGCbC0dSMBrz7oiEXZaaGH7ceU40OJEfKmyuzR9R5CRimJYPlRiFtMQGQcbNMea/ePcoIebi4ASGYXtg==
    dependencies:
      "@ctrl/tinycolor" "^3.4.0"
  
  "@ant-design/cssinjs@^1.5.6":
    version "1.6.1"
    resolved "https://registry.npmjs.org/@ant-design/cssinjs/-/cssinjs-1.6.1.tgz"
    integrity sha512-35+1e5h1HzPt7d7NjXTG5yg/OQY85YcOIpb3peB3/eKri7+0mW9c+WZB3In7yMscBzvxQREOR5pxNDbqMcI42w==
    dependencies:
      "@babel/runtime" "^7.11.1"
      "@emotion/hash" "^0.8.0"
      "@emotion/unitless" "^0.7.5"
      classnames "^2.3.1"
      csstype "^3.0.10"
      rc-util "^5.27.0"
      stylis "^4.0.13"
  
  "@ant-design/icons-svg@^4.2.1":
    version "4.2.1"
    resolved "https://registry.npmjs.org/@ant-design/icons-svg/-/icons-svg-4.2.1.tgz"
    integrity sha512-EB0iwlKDGpG93hW8f85CTJTs4SvMX7tt5ceupvhALp1IF44SeUFOMhKUOYqpsoYWQKAOuTRDMqn75rEaKDp0Xw==
  
  "@ant-design/icons@^5.0.0":
    version "5.0.1"
    resolved "https://registry.npmjs.org/@ant-design/icons/-/icons-5.0.1.tgz"
    integrity sha512-ZyF4ksXCcdtwA/1PLlnFLcF/q8/MhwxXhKHh4oCHDA4Ip+ZzAHoICtyp4wZWfiCVDP0yuz3HsjyvuldHFb3wjA==
    dependencies:
      "@ant-design/colors" "^7.0.0"
      "@ant-design/icons-svg" "^4.2.1"
      "@babel/runtime" "^7.11.2"
      classnames "^2.2.6"
      rc-util "^5.9.4"
  
  "@ant-design/react-slick@~1.0.0":
    version "1.0.0"
    resolved "https://registry.npmjs.org/@ant-design/react-slick/-/react-slick-1.0.0.tgz"
    integrity sha512-OKxZsn8TAf8fYxP79rDXgLs9zvKMTslK6dJ4iLhDXOujUqC5zJPBRszyrcEHXcMPOm1Sgk40JgyF3yiL/Swd7w==
    dependencies:
      "@babel/runtime" "^7.10.4"
      classnames "^2.2.5"
      json2mq "^0.2.0"
      resize-observer-polyfill "^1.5.1"
      throttle-debounce "^5.0.0"
  
  "@babel/runtime@^7.10.1", "@babel/runtime@^7.10.4", "@babel/runtime@^7.11.1", "@babel/runtime@^7.11.2", "@babel/runtime@^7.12.5", "@babel/runtime@^7.16.7", "@babel/runtime@^7.18.0", "@babel/runtime@^7.18.3", "@babel/runtime@^7.20.0", "@babel/runtime@^7.20.7":
    version "7.21.0"
    resolved "https://registry.npmjs.org/@babel/runtime/-/runtime-7.21.0.tgz"
    integrity sha512-xwII0//EObnq89Ji5AKYQaRYiW/nZ3llSv29d49IuxPhKbtJoLP+9QUUZ4nVragQVtaVGeZrpB+ZtG/Pdy/POw==
    dependencies:
      regenerator-runtime "^0.13.11"
  
  "@ctrl/tinycolor@^3.4.0", "@ctrl/tinycolor@^3.6.0":
    version "3.6.0"
    resolved "https://registry.npmjs.org/@ctrl/tinycolor/-/tinycolor-3.6.0.tgz"
    integrity sha512-/Z3l6pXthq0JvMYdUFyX9j0MaCltlIn6mfh9jLyQwg5aPKxkyNa0PTHtU1AlFXLNk55ZuAeJRcpvq+tmLfKmaQ==
  
  "@emotion/hash@^0.8.0":
    version "0.8.0"
    resolved "https://registry.npmjs.org/@emotion/hash/-/hash-0.8.0.tgz"
    integrity sha512-kBJtf7PH6aWwZ6fka3zQ0p6SBYzx4fl1LoZXE2RrnYST9Xljm7WfKJrU4g/Xr3Beg72MLrp1AWNUmuYJTL7Cow==
  
  "@emotion/unitless@^0.7.5":
    version "0.7.5"
    resolved "https://registry.npmjs.org/@emotion/unitless/-/unitless-0.7.5.tgz"
    integrity sha512-OWORNpfjMsSSUBVrRBVGECkhWcULOAJz9ZW8uK9qgxD+87M7jHRcvh/A96XXNhXTLmKcoYSQtBEX7lHMO7YRwg==
  
  "@esbuild/darwin-arm64@0.17.10":
    version "0.17.10"
    resolved "https://registry.npmjs.org/@esbuild/darwin-arm64/-/darwin-arm64-0.17.10.tgz"
    integrity sha512-3HaGIowI+nMZlopqyW6+jxYr01KvNaLB5znXfbyyjuo4lE0VZfvFGcguIJapQeQMS4cX/NEispwOekJt3gr5Dg==
  
  "@hotwired/stimulus@^3.2.1":
    version "3.2.1"
    resolved "https://registry.npmjs.org/@hotwired/stimulus/-/stimulus-3.2.1.tgz"
    integrity sha512-HGlzDcf9vv/EQrMJ5ZG6VWNs8Z/xMN+1o2OhV1gKiSG6CqZt5MCBB1gRg5ILiN3U0jEAxuDTNPRfBcnZBDmupQ==
  
  "@hotwired/turbo-rails@^7.3.0":
    version "7.3.0"
    resolved "https://registry.npmjs.org/@hotwired/turbo-rails/-/turbo-rails-7.3.0.tgz"
    integrity sha512-fvhO64vp/a2UVQ3jue9WTc2JisMv9XilIC7ViZmXAREVwiQ2S4UC7Go8f9A1j4Xu7DBI6SbFdqILk5ImqVoqyA==
    dependencies:
      "@hotwired/turbo" "^7.3.0"
      "@rails/actioncable" "^7.0"
  
  "@hotwired/turbo@^7.3.0":
    version "7.3.0"
    resolved "https://registry.npmjs.org/@hotwired/turbo/-/turbo-7.3.0.tgz"
    integrity sha512-Dcu+NaSvHLT7EjrDrkEmH4qET2ZJZ5IcCWmNXxNQTBwlnE5tBZfN6WxZ842n5cHV52DH/AKNirbPBtcEXDLW4g==
  
  "@popperjs/core@^2.11.6":
    version "2.11.6"
    resolved "https://registry.npmjs.org/@popperjs/core/-/core-2.11.6.tgz"
    integrity sha512-50/17A98tWUfQ176raKiOGXuYpLyyVMkxxG6oylzL3BPOlA6ADGdK7EYunSa4I064xerltq9TGXs8HmOk5E+vw==
  
  "@rails/actioncable@^7.0":
    version "7.0.4"
    resolved "https://registry.npmjs.org/@rails/actioncable/-/actioncable-7.0.4.tgz"
    integrity sha512-tz4oM+Zn9CYsvtyicsa/AwzKZKL+ITHWkhiu7x+xF77clh2b4Rm+s6xnOgY/sGDWoFWZmtKsE95hxBPkgQQNnQ==
  
  "@rc-component/context@^1.3.0":
    version "1.3.0"
    resolved "https://registry.npmjs.org/@rc-component/context/-/context-1.3.0.tgz"
    integrity sha512-6QdaCJ7Wn5UZLJs15IEfqy4Ru3OaL5ctqpQYWd5rlfV9wwzrzdt6+kgAQZV/qdB0MUPN4nhyBfRembQCIvBf+w==
    dependencies:
      "@babel/runtime" "^7.10.1"
      rc-util "^5.27.0"
  
  "@rc-component/mini-decimal@^1.0.1":
    version "1.0.1"
    resolved "https://registry.npmjs.org/@rc-component/mini-decimal/-/mini-decimal-1.0.1.tgz"
    integrity sha512-9N8nRk0oKj1qJzANKl+n9eNSMUGsZtjwNuDCiZ/KA+dt1fE3zq5x2XxclRcAbOIXnZcJ53ozP2Pa60gyELXagA==
    dependencies:
      "@babel/runtime" "^7.18.0"
  
  "@rc-component/mutate-observer@^1.0.0":
    version "1.0.0"
    resolved "https://registry.npmjs.org/@rc-component/mutate-observer/-/mutate-observer-1.0.0.tgz"
    integrity sha512-okqRJSfNisXdI6CUeOLZC5ukBW/8kir2Ii4PJiKpUt+3+uS7dxwJUMxsUZquxA1rQuL8YcEmKVp/TCnR+yUdZA==
    dependencies:
      "@babel/runtime" "^7.18.0"
      classnames "^2.3.2"
      rc-util "^5.24.4"
  
  "@rc-component/portal@^1.0.0-6", "@rc-component/portal@^1.0.0-8", "@rc-component/portal@^1.0.0-9", "@rc-component/portal@^1.0.2", "@rc-component/portal@^1.1.0":
    version "1.1.0"
    resolved "https://registry.npmjs.org/@rc-component/portal/-/portal-1.1.0.tgz"
    integrity sha512-tbXM9SB1r5FOuZjRCljERFByFiEUcMmCWMXLog/NmgCzlAzreXyf23Vei3ZpSMxSMavzPnhCovfZjZdmxS3d1w==
    dependencies:
      "@babel/runtime" "^7.18.0"
      classnames "^2.3.2"
      rc-util "^5.24.4"
  
  "@rc-component/tour@~1.8.0":
    version "1.8.0"
    resolved "https://registry.npmjs.org/@rc-component/tour/-/tour-1.8.0.tgz"
    integrity sha512-rrRGioHTLQlGca27G2+lw7QpRb3uuMYCUIJjj31/B44VCJS0P2tqYhOgtzvWQmaLMlWH3ZlpzotkKX13NT4XEA==
    dependencies:
      "@babel/runtime" "^7.18.0"
      "@rc-component/portal" "^1.0.0-9"
      "@rc-component/trigger" "^1.3.6"
      classnames "^2.3.2"
      rc-util "^5.24.4"
  
  "@rc-component/trigger@^1.0.4", "@rc-component/trigger@^1.3.6", "@rc-component/trigger@^1.4.0", "@rc-component/trigger@^1.5.0":
    version "1.5.0"
    resolved "https://registry.npmjs.org/@rc-component/trigger/-/trigger-1.5.0.tgz"
    integrity sha512-uF5H7FjRbSDaCIWe+aASk/vdTJtmhZvAIcH5IbO/jBXdEbLz9OYoY7QfHWfmUwNGaEX640+z8mAawiVBQGOwFw==
    dependencies:
      "@babel/runtime" "^7.18.3"
      "@rc-component/portal" "^1.1.0"
      classnames "^2.3.2"
      rc-align "^4.0.0"
      rc-motion "^2.0.0"
      rc-resize-observer "^1.3.1"
      rc-util "^5.27.1"
  
  "@remix-run/router@1.3.3":
    version "1.3.3"
    resolved "https://registry.npmjs.org/@remix-run/router/-/router-1.3.3.tgz"
    integrity sha512-YRHie1yQEj0kqqCTCJEfHqYSSNlZQ696QJG+MMiW4mxSl9I0ojz/eRhJS4fs88Z5i6D1SmoF9d3K99/QOhI8/w==
  
  antd@^5.3.0:
    version "5.3.0"
    resolved "https://registry.npmjs.org/antd/-/antd-5.3.0.tgz"
    integrity sha512-+l8K2AQ+yvIOq9hzWtha3nG3ydFfwN6+fUmSGCqyThFrLPI2Y3IUPXdAXP4aQcYAnu1Q0sLwsTgHRvE2AXfZUw==
    dependencies:
      "@ant-design/colors" "^7.0.0"
      "@ant-design/cssinjs" "^1.5.6"
      "@ant-design/icons" "^5.0.0"
      "@ant-design/react-slick" "~1.0.0"
      "@babel/runtime" "^7.18.3"
      "@ctrl/tinycolor" "^3.6.0"
      "@rc-component/mutate-observer" "^1.0.0"
      "@rc-component/tour" "~1.8.0"
      "@rc-component/trigger" "^1.5.0"
      classnames "^2.2.6"
      copy-to-clipboard "^3.2.0"
      dayjs "^1.11.1"
      qrcode.react "^3.1.0"
      rc-cascader "~3.9.0"
      rc-checkbox "~2.3.0"
      rc-collapse "~3.5.2"
      rc-dialog "~9.0.2"
      rc-drawer "~6.1.1"
      rc-dropdown "~4.0.0"
      rc-field-form "~1.27.0"
      rc-image "~5.15.2"
      rc-input "~0.2.1"
      rc-input-number "~7.4.0"
      rc-mentions "~2.0.0"
      rc-menu "~9.8.2"
      rc-motion "^2.6.1"
      rc-notification "~5.0.0"
      rc-pagination "~3.2.0"
      rc-picker "~3.2.4"
      rc-progress "~3.4.1"
      rc-rate "~2.9.0"
      rc-resize-observer "^1.2.0"
      rc-segmented "~2.1.2"
      rc-select "~14.3.0"
      rc-slider "~10.1.0"
      rc-steps "~6.0.0"
      rc-switch "~4.0.0"
      rc-table "~7.31.0"
      rc-tabs "~12.5.6"
      rc-textarea "~1.0.0"
      rc-tooltip "~6.0.0"
      rc-tree "~5.7.0"
      rc-tree-select "~5.7.0"
      rc-trigger "^5.3.4"
      rc-upload "~4.3.0"
      rc-util "^5.27.0"
      scroll-into-view-if-needed "^3.0.3"
      throttle-debounce "^5.0.0"
  
  anymatch@~3.1.2:
    version "3.1.3"
    resolved "https://registry.npmjs.org/anymatch/-/anymatch-3.1.3.tgz"
    integrity sha512-KMReFUr0B4t+D+OBkjR3KYqvocp2XaSzO55UcB6mgQMd3KbcE+mWTyvVV7D/zsdEbNnV6acZUutkiHQXvTr1Rw==
    dependencies:
      normalize-path "^3.0.0"
      picomatch "^2.0.4"
  
  array-tree-filter@^2.1.0:
    version "2.1.0"
    resolved "https://registry.npmjs.org/array-tree-filter/-/array-tree-filter-2.1.0.tgz"
    integrity sha512-4ROwICNlNw/Hqa9v+rk5h22KjmzB1JGTMVKP2AKJBOCgb0yL0ASf0+YvCcLNNwquOHNX48jkeZIJ3a+oOQqKcw==
  
  async-validator@^4.1.0:
    version "4.2.5"
    resolved "https://registry.npmjs.org/async-validator/-/async-validator-4.2.5.tgz"
    integrity sha512-7HhHjtERjqlNbZtqNqy2rckN/SpOOlmDliet+lP7k+eKZEjPk3DgyeU9lIXLdeLz0uBbbVp+9Qdow9wJWgwwfg==
  
  asynckit@^0.4.0:
    version "0.4.0"
    resolved "https://registry.npmjs.org/asynckit/-/asynckit-0.4.0.tgz"
    integrity sha512-Oei9OH4tRh0YqU3GxhX79dM/mwVgvbZJaSNaRk+bshkj0S5cfHcgYakreBjrHwatXKbz+IoIdYLxrKim2MjW0Q==
  
  axios@^1.3.4:
    version "1.3.4"
    resolved "https://registry.npmjs.org/axios/-/axios-1.3.4.tgz"
    integrity sha512-toYm+Bsyl6VC5wSkfkbbNB6ROv7KY93PEBBL6xyDczaIHasAiv4wPqQ/c4RjoQzipxRD2W5g21cOqQulZ7rHwQ==
    dependencies:
      follow-redirects "^1.15.0"
      form-data "^4.0.0"
      proxy-from-env "^1.1.0"
  
  binary-extensions@^2.0.0:
    version "2.2.0"
    resolved "https://registry.npmjs.org/binary-extensions/-/binary-extensions-2.2.0.tgz"
    integrity sha512-jDctJ/IVQbZoJykoeHbhXpOlNBqGNcwXJKJog42E5HDPUwQTSdjCHdihjj0DlnheQ7blbT6dHOafNAiS8ooQKA==
  
  bootstrap-icons@^1.10.3:
    version "1.10.3"
    resolved "https://registry.npmjs.org/bootstrap-icons/-/bootstrap-icons-1.10.3.tgz"
    integrity sha512-7Qvj0j0idEm/DdX9Q0CpxAnJYqBCFCiUI6qzSPYfERMcokVuV9Mdm/AJiVZI8+Gawe4h/l6zFcOzvV7oXCZArw==
  
  bootstrap@^5.2.3:
    version "5.2.3"
    resolved "https://registry.npmjs.org/bootstrap/-/bootstrap-5.2.3.tgz"
    integrity sha512-cEKPM+fwb3cT8NzQZYEu4HilJ3anCrWqh3CHAok1p9jXqMPsPTBhU25fBckEJHJ/p+tTxTFTsFQGM+gaHpi3QQ==
  
  braces@~3.0.2:
    version "3.0.2"
    resolved "https://registry.npmjs.org/braces/-/braces-3.0.2.tgz"
    integrity sha512-b8um+L1RzM3WDSzvhm6gIz1yfTbBt6YTlcEKAvsmqCZZFw46z626lVj9j1yEPW33H5H+lBQpZMP1k8l+78Ha0A==
    dependencies:
      fill-range "^7.0.1"
  
  "chokidar@>=3.0.0 <4.0.0":
    version "3.5.3"
    resolved "https://registry.npmjs.org/chokidar/-/chokidar-3.5.3.tgz"
    integrity sha512-Dr3sfKRP6oTcjf2JmUmFJfeVMvXBdegxB0iVQ5eb2V10uFJUCAS8OByZdVAyVb8xXNz3GjjTgj9kLWsZTqE6kw==
    dependencies:
      anymatch "~3.1.2"
      braces "~3.0.2"
      glob-parent "~5.1.2"
      is-binary-path "~2.1.0"
      is-glob "~4.0.1"
      normalize-path "~3.0.0"
      readdirp "~3.6.0"
    optionalDependencies:
      fsevents "~2.3.2"
  
  classnames@^2.2.1, classnames@^2.2.3, classnames@^2.2.5, classnames@^2.2.6, classnames@^2.3.1, classnames@^2.3.2, classnames@2.x:
    version "2.3.2"
    resolved "https://registry.npmjs.org/classnames/-/classnames-2.3.2.tgz"
    integrity sha512-CSbhY4cFEJRe6/GQzIk5qXZ4Jeg5pcsP7b5peFSDpffpe1cqjASH/n9UTjBwOp6XpMSTwQ8Za2K5V02ueA7Tmw==
  
  combined-stream@^1.0.8:
    version "1.0.8"
    resolved "https://registry.npmjs.org/combined-stream/-/combined-stream-1.0.8.tgz"
    integrity sha512-FQN4MRfuJeHf7cBbBMJFXhKSDq+2kAArBlmRBvcvFE5BB1HZKXtSFASDhdlz9zOYwxh8lDdnvmMOe/+5cdoEdg==
    dependencies:
      delayed-stream "~1.0.0"
  
  compute-scroll-into-view@^3.0.0:
    version "3.0.0"
    resolved "https://registry.npmjs.org/compute-scroll-into-view/-/compute-scroll-into-view-3.0.0.tgz"
    integrity sha512-Yk1An4qzo5++Cu6peT9PsmRKIU8tALpmdoE09n//AfGQFcPfx21/tMGMsmKYmLJWaBJrGOJ5Jz5hoU+7cZZUWQ==
  
  copy-to-clipboard@^3.2.0:
    version "3.3.3"
    resolved "https://registry.npmjs.org/copy-to-clipboard/-/copy-to-clipboard-3.3.3.tgz"
    integrity sha512-2KV8NhB5JqC3ky0r9PMCAZKbUHSwtEo4CwCs0KXgruG43gX5PMqDEBbVU4OUzw2MuAWUfsuFmWvEKG5QRfSnJA==
    dependencies:
      toggle-selection "^1.0.6"
  
  cors@^2.8.5:
    version "2.8.5"
    resolved "https://registry.npmjs.org/cors/-/cors-2.8.5.tgz"
    integrity sha512-KIHbLJqu73RGr/hnbrO9uBeixNGuvSQjul/jdFvS/KFSIH1hWVd1ng7zOHx+YrEfInLG7q4n6GHQ9cDtxv/P6g==
    dependencies:
      object-assign "^4"
      vary "^1"
  
  csstype@^3.0.10:
    version "3.1.1"
    resolved "https://registry.npmjs.org/csstype/-/csstype-3.1.1.tgz"
    integrity sha512-DJR/VvkAvSZW9bTouZue2sSxDwdTN92uHjqeKVm+0dAqdfNykRzQ95tay8aXMBAAPpUiq4Qcug2L7neoRh2Egw==
  
  dayjs@^1.11.1, "dayjs@>= 1.x":
    version "1.11.7"
    resolved "https://registry.npmjs.org/dayjs/-/dayjs-1.11.7.tgz"
    integrity sha512-+Yw9U6YO5TQohxLcIkrXBeY73WP3ejHWVvx8XCk3gxvQDCTEmS48ZrSZCKciI7Bhl/uCMyxYtE9UqRILmFphkQ==
  
  delayed-stream@~1.0.0:
    version "1.0.0"
    resolved "https://registry.npmjs.org/delayed-stream/-/delayed-stream-1.0.0.tgz"
    integrity sha512-ZySD7Nf91aLB0RxL4KGrKHBXl7Eds1DAmEdcoVawXnLD7SDhpNgtuII2aAkg7a7QS41jxPSZ17p4VdGnMHk3MQ==
  
  dom-align@^1.7.0:
    version "1.12.4"
    resolved "https://registry.npmjs.org/dom-align/-/dom-align-1.12.4.tgz"
    integrity sha512-R8LUSEay/68zE5c8/3BDxiTEvgb4xZTF0RKmAHfiEVN3klfIpXfi2/QCoiWPccVQ0J/ZGdz9OjzL4uJEP/MRAw==
  
  esbuild@^0.17.10:
    version "0.17.10"
    resolved "https://registry.npmjs.org/esbuild/-/esbuild-0.17.10.tgz"
    integrity sha512-n7V3v29IuZy5qgxx25TKJrEm0FHghAlS6QweUcyIgh/U0zYmQcvogWROitrTyZId1mHSkuhhuyEXtI9OXioq7A==
    optionalDependencies:
      "@esbuild/android-arm" "0.17.10"
      "@esbuild/android-arm64" "0.17.10"
      "@esbuild/android-x64" "0.17.10"
      "@esbuild/darwin-arm64" "0.17.10"
      "@esbuild/darwin-x64" "0.17.10"
      "@esbuild/freebsd-arm64" "0.17.10"
      "@esbuild/freebsd-x64" "0.17.10"
      "@esbuild/linux-arm" "0.17.10"
      "@esbuild/linux-arm64" "0.17.10"
      "@esbuild/linux-ia32" "0.17.10"
      "@esbuild/linux-loong64" "0.17.10"
      "@esbuild/linux-mips64el" "0.17.10"
      "@esbuild/linux-ppc64" "0.17.10"
      "@esbuild/linux-riscv64" "0.17.10"
      "@esbuild/linux-s390x" "0.17.10"
      "@esbuild/linux-x64" "0.17.10"
      "@esbuild/netbsd-x64" "0.17.10"
      "@esbuild/openbsd-x64" "0.17.10"
      "@esbuild/sunos-x64" "0.17.10"
      "@esbuild/win32-arm64" "0.17.10"
      "@esbuild/win32-ia32" "0.17.10"
      "@esbuild/win32-x64" "0.17.10"
  
  fill-range@^7.0.1:
    version "7.0.1"
    resolved "https://registry.npmjs.org/fill-range/-/fill-range-7.0.1.tgz"
    integrity sha512-qOo9F+dMUmC2Lcb4BbVvnKJxTPjCm+RRpe4gDuGrzkL7mEVl/djYSu2OdQ2Pa302N4oqkSg9ir6jaLWJ2USVpQ==
    dependencies:
      to-regex-range "^5.0.1"
  
  follow-redirects@^1.15.0:
    version "1.15.2"
    resolved "https://registry.npmjs.org/follow-redirects/-/follow-redirects-1.15.2.tgz"
    integrity sha512-VQLG33o04KaQ8uYi2tVNbdrWp1QWxNNea+nmIB4EVM28v0hmP17z7aG1+wAkNzVq4KeXTq3221ye5qTJP91JwA==
  
  form-data@^4.0.0:
    version "4.0.0"
    resolved "https://registry.npmjs.org/form-data/-/form-data-4.0.0.tgz"
    integrity sha512-ETEklSGi5t0QMZuiXoA/Q6vcnxcLQP5vdugSpuAyi6SVGi2clPPp+xgEhuMaHC+zGgn31Kd235W35f7Hykkaww==
    dependencies:
      asynckit "^0.4.0"
      combined-stream "^1.0.8"
      mime-types "^2.1.12"
  
  fsevents@~2.3.2:
    version "2.3.2"
    resolved "https://registry.npmjs.org/fsevents/-/fsevents-2.3.2.tgz"
    integrity sha512-xiqMQR4xAeHTuB9uWm+fFRcIOgKBMiOBP+eXiyT7jsgVCq1bkVygt00oASowB7EdtpOHaaPgKt812P9ab+DDKA==
  
  glob-parent@~5.1.2:
    version "5.1.2"
    resolved "https://registry.npmjs.org/glob-parent/-/glob-parent-5.1.2.tgz"
    integrity sha512-AOIgSQCepiJYwP3ARnGx+5VnTu2HBYdzbGP45eLw1vr3zB3vZLeyed1sC9hnbcOc9/SrMyM5RPQrkGz4aS9Zow==
    dependencies:
      is-glob "^4.0.1"
  
  immutable@^4.0.0:
    version "4.2.4"
    resolved "https://registry.npmjs.org/immutable/-/immutable-4.2.4.tgz"
    integrity sha512-WDxL3Hheb1JkRN3sQkyujNlL/xRjAo3rJtaU5xeufUauG66JdMr32bLj4gF+vWl84DIA3Zxw7tiAjneYzRRw+w==
  
  is-binary-path@~2.1.0:
    version "2.1.0"
    resolved "https://registry.npmjs.org/is-binary-path/-/is-binary-path-2.1.0.tgz"
    integrity sha512-ZMERYes6pDydyuGidse7OsHxtbI7WVeUEozgR/g7rd0xUimYNlvZRE/K2MgZTjWy725IfelLeVcEM97mmtRGXw==
    dependencies:
      binary-extensions "^2.0.0"
  
  is-extglob@^2.1.1:
    version "2.1.1"
    resolved "https://registry.npmjs.org/is-extglob/-/is-extglob-2.1.1.tgz"
    integrity sha512-SbKbANkN603Vi4jEZv49LeVJMn4yGwsbzZworEoyEiutsN3nJYdbO36zfhGJ6QEDpOZIFkDtnq5JRxmvl3jsoQ==
  
  is-glob@^4.0.1, is-glob@~4.0.1:
    version "4.0.3"
    resolved "https://registry.npmjs.org/is-glob/-/is-glob-4.0.3.tgz"
    integrity sha512-xelSayHH36ZgE7ZWhli7pW34hNbNl8Ojv5KVmkJD4hBdD3th8Tfk9vYasLM+mXWOZhFkgZfxhLSnrwRr4elSSg==
    dependencies:
      is-extglob "^2.1.1"
  
  is-number@^7.0.0:
    version "7.0.0"
    resolved "https://registry.npmjs.org/is-number/-/is-number-7.0.0.tgz"
    integrity sha512-41Cifkg6e8TylSpdtTpeLVMqvSBEVzTttHvERD741+pnZ8ANv0004MRL43QKPDlK9cGvNp6NZWZUBlbGXYxxng==
  
  "js-tokens@^3.0.0 || ^4.0.0":
    version "4.0.0"
    resolved "https://registry.npmjs.org/js-tokens/-/js-tokens-4.0.0.tgz"
    integrity sha512-RdJUflcE3cUzKiMqQgsCu06FPu9UdIJO0beYbPhHN4k6apgJtifcoCtT9bcxOpYBtpD2kCM6Sbzg4CausW/PKQ==
  
  json2mq@^0.2.0:
    version "0.2.0"
    resolved "https://registry.npmjs.org/json2mq/-/json2mq-0.2.0.tgz"
    integrity sha512-SzoRg7ux5DWTII9J2qkrZrqV1gt+rTaoufMxEzXbS26Uid0NwaJd123HcoB80TgubEppxxIGdNxCx50fEoEWQA==
    dependencies:
      string-convert "^0.2.0"
  
  loose-envify@^1.1.0:
    version "1.4.0"
    resolved "https://registry.npmjs.org/loose-envify/-/loose-envify-1.4.0.tgz"
    integrity sha512-lyuxPGr/Wfhrlem2CL/UcnUc1zcqKAImBDzukY7Y5F/yQiNdko6+fRLevlw1HgMySw7f611UIY408EtxRSoK3Q==
    dependencies:
      js-tokens "^3.0.0 || ^4.0.0"
  
  mime-db@1.52.0:
    version "1.52.0"
    resolved "https://registry.npmjs.org/mime-db/-/mime-db-1.52.0.tgz"
    integrity sha512-sPU4uV7dYlvtWJxwwxHD0PuihVNiE7TyAbQ5SWxDCB9mUYvOgroQOwYQQOKPJ8CIbE+1ETVlOoK1UC2nU3gYvg==
  
  mime-types@^2.1.12:
    version "2.1.35"
    resolved "https://registry.npmjs.org/mime-types/-/mime-types-2.1.35.tgz"
    integrity sha512-ZDY+bPm5zTTF+YpCrAU9nK0UgICYPT0QtT1NZWFv4s++TNkcgVaT0g6+4R2uI4MjQjzysHB1zxuWL50hzaeXiw==
    dependencies:
      mime-db "1.52.0"
  
  normalize-path@^3.0.0, normalize-path@~3.0.0:
    version "3.0.0"
    resolved "https://registry.npmjs.org/normalize-path/-/normalize-path-3.0.0.tgz"
    integrity sha512-6eZs5Ls3WtCisHWp9S2GUy8dqkpGi4BVSz3GaqiE6ezub0512ESztXUwUB6C6IKbQkY2Pnb/mD4WYojCRwcwLA==
  
  object-assign@^4:
    version "4.1.1"
    resolved "https://registry.npmjs.org/object-assign/-/object-assign-4.1.1.tgz"
    integrity sha512-rJgTQnkUnH1sFw8yT6VSU3zD3sWmu6sZhIseY8VX+GRu3P6F7Fu+JNDoXfklElbLJSnc3FUQHVe4cU5hj+BcUg==
  
  picomatch@^2.0.4, picomatch@^2.2.1:
    version "2.3.1"
    resolved "https://registry.npmjs.org/picomatch/-/picomatch-2.3.1.tgz"
    integrity sha512-JU3teHTNjmE2VCGFzuY8EXzCDVwEqB2a8fsIvwaStHhAWJEeVd1o1QD80CU6+ZdEXXSLbSsuLwJjkCBWqRQUVA==
  
  proxy-from-env@^1.1.0:
    version "1.1.0"
    resolved "https://registry.npmjs.org/proxy-from-env/-/proxy-from-env-1.1.0.tgz"
    integrity sha512-D+zkORCbA9f1tdWRK0RaCR3GPv50cMxcrz4X8k5LTSUD1Dkw47mKJEZQNunItRTkWwgtaUSo1RVFRIG9ZXiFYg==
  
  qrcode.react@^3.1.0:
    version "3.1.0"
    resolved "https://registry.npmjs.org/qrcode.react/-/qrcode.react-3.1.0.tgz"
    integrity sha512-oyF+Urr3oAMUG/OiOuONL3HXM+53wvuH3mtIWQrYmsXoAq0DkvZp2RYUWFSMFtbdOpuS++9v+WAkzNVkMlNW6Q==
  
  rc-align@^4.0.0:
    version "4.0.15"
    resolved "https://registry.npmjs.org/rc-align/-/rc-align-4.0.15.tgz"
    integrity sha512-wqJtVH60pka/nOX7/IspElA8gjPNQKIx/ZqJ6heATCkXpe1Zg4cPVrMD2vC96wjsFFL8WsmhPbx9tdMo1qqlIA==
    dependencies:
      "@babel/runtime" "^7.10.1"
      classnames "2.x"
      dom-align "^1.7.0"
      rc-util "^5.26.0"
      resize-observer-polyfill "^1.5.1"
  
  rc-cascader@~3.9.0:
    version "3.9.0"
    resolved "https://registry.npmjs.org/rc-cascader/-/rc-cascader-3.9.0.tgz"
    integrity sha512-XppS7Vd11l4oqgkIQX2RHAbsR9j+UR7IpjzWhK5wUmweY4w5OsF5RdFlxAb8oC9JsIbK4lBeGLmDWYxfi9S37g==
    dependencies:
      "@babel/runtime" "^7.12.5"
      array-tree-filter "^2.1.0"
      classnames "^2.3.1"
      rc-select "~14.3.0"
      rc-tree "~5.7.0"
      rc-util "^5.6.1"
  
  rc-checkbox@~2.3.0:
    version "2.3.2"
    resolved "https://registry.npmjs.org/rc-checkbox/-/rc-checkbox-2.3.2.tgz"
    integrity sha512-afVi1FYiGv1U0JlpNH/UaEXdh6WUJjcWokj/nUN2TgG80bfG+MDdbfHKlLcNNba94mbjy2/SXJ1HDgrOkXGAjg==
    dependencies:
      "@babel/runtime" "^7.10.1"
      classnames "^2.2.1"
  
  rc-collapse@~3.5.2:
    version "3.5.2"
    resolved "https://registry.npmjs.org/rc-collapse/-/rc-collapse-3.5.2.tgz"
    integrity sha512-/TNiT3DW1t3sUCiVD/DPUYooJZ3BLA93/2rZsB3eM2bGJCCla2X9D2E4tgm7LGMQGy5Atb2lMUn2FQuvQNvavQ==
    dependencies:
      "@babel/runtime" "^7.10.1"
      classnames "2.x"
      rc-motion "^2.3.4"
      rc-util "^5.27.0"
  
  rc-dialog@~9.0.0, rc-dialog@~9.0.2:
    version "9.0.2"
    resolved "https://registry.npmjs.org/rc-dialog/-/rc-dialog-9.0.2.tgz"
    integrity sha512-s3U+24xWUuB6Bn2Lk/Qt6rufy+uT+QvWkiFhNBcO9APLxcFFczWamaq7x9h8SCuhfc1nHcW4y8NbMsnAjNnWyg==
    dependencies:
      "@babel/runtime" "^7.10.1"
      "@rc-component/portal" "^1.0.0-8"
      classnames "^2.2.6"
      rc-motion "^2.3.0"
      rc-util "^5.21.0"
  
  rc-drawer@~6.1.1:
    version "6.1.3"
    resolved "https://registry.npmjs.org/rc-drawer/-/rc-drawer-6.1.3.tgz"
    integrity sha512-AvHisO90A+xMLMKBw2zs89HxjWxusM2BUABlgK60RhweIHF8W/wk0hSOrxBlUXoA9r1F+10na3g6GZ97y1qDZA==
    dependencies:
      "@babel/runtime" "^7.10.1"
      "@rc-component/portal" "^1.0.0-6"
      classnames "^2.2.6"
      rc-motion "^2.6.1"
      rc-util "^5.21.2"
  
  rc-dropdown@~4.0.0:
    version "4.0.1"
    resolved "https://registry.npmjs.org/rc-dropdown/-/rc-dropdown-4.0.1.tgz"
    integrity sha512-OdpXuOcme1rm45cR0Jzgfl1otzmU4vuBVb+etXM8vcaULGokAKVpKlw8p6xzspG7jGd/XxShvq+N3VNEfk/l5g==
    dependencies:
      "@babel/runtime" "^7.18.3"
      classnames "^2.2.6"
      rc-trigger "^5.3.1"
      rc-util "^5.17.0"
  
  rc-field-form@~1.27.0:
    version "1.27.4"
    resolved "https://registry.npmjs.org/rc-field-form/-/rc-field-form-1.27.4.tgz"
    integrity sha512-PQColQnZimGKArnOh8V2907+VzDCXcqtFvHgevDLtqWc/P7YASb/FqntSmdS8q3VND5SHX3Y1vgMIzY22/f/0Q==
    dependencies:
      "@babel/runtime" "^7.18.0"
      async-validator "^4.1.0"
      rc-util "^5.8.0"
  
  rc-image@~5.15.2:
    version "5.15.2"
    resolved "https://registry.npmjs.org/rc-image/-/rc-image-5.15.2.tgz"
    integrity sha512-QaeWP20v51eGyrkl24PyusTmbMk42A3vGPl7hEa15jcQjECOX36tLtvLk5sjl3vaLQpMskB8BbwiqPsN7I7aow==
    dependencies:
      "@babel/runtime" "^7.11.2"
      "@rc-component/portal" "^1.0.2"
      classnames "^2.2.6"
      rc-dialog "~9.0.0"
      rc-motion "^2.6.2"
      rc-util "^5.0.6"
  
  rc-input-number@~7.4.0:
    version "7.4.2"
    resolved "https://registry.npmjs.org/rc-input-number/-/rc-input-number-7.4.2.tgz"
    integrity sha512-yGturTw7WGP+M1GbJ+UTAO7L4buxeW6oilhL9Sq3DezsRS8/9qec4UiXUbeoiX9bzvRXH11JvgskBtxSp4YSNg==
    dependencies:
      "@babel/runtime" "^7.10.1"
      "@rc-component/mini-decimal" "^1.0.1"
      classnames "^2.2.5"
      rc-util "^5.28.0"
  
  rc-input@^0.2.1, rc-input@^0.2.2, rc-input@~0.2.1:
    version "0.2.2"
    resolved "https://registry.npmjs.org/rc-input/-/rc-input-0.2.2.tgz"
    integrity sha512-xgkVcFgtRO0Hl9hmvslZhObNyxbSpTmy3nR1Tk4XrjjZ9lFJ7GcJBy6ss30Pdb0oX36cHzLN8I7VCjBGeRNB9A==
    dependencies:
      "@babel/runtime" "^7.11.1"
      classnames "^2.2.1"
      rc-util "^5.18.1"
  
  rc-mentions@~2.0.0:
    version "2.0.0"
    resolved "https://registry.npmjs.org/rc-mentions/-/rc-mentions-2.0.0.tgz"
    integrity sha512-58NSeM6R5MrgYAhR2TH27JgAN7ivp3iBTmty3q6gvrrGHelPMdGxpJ5aH7AIlodCrPWLAm1lT4XoiuI4s9snXA==
    dependencies:
      "@babel/runtime" "^7.10.1"
      classnames "^2.2.6"
      rc-input "^0.2.2"
      rc-menu "~9.8.0"
      rc-textarea "^1.0.0"
      rc-trigger "^5.0.4"
      rc-util "^5.22.5"
  
  rc-menu@~9.8.0, rc-menu@~9.8.2:
    version "9.8.2"
    resolved "https://registry.npmjs.org/rc-menu/-/rc-menu-9.8.2.tgz"
    integrity sha512-EahOJVjLuEnJsThoPN+mGnVm431RzVzDLZWHRS/YnXTQULa7OsgdJa/Y7qXxc3Z5sz8mgT6xYtgpmBXLxrZFaQ==
    dependencies:
      "@babel/runtime" "^7.10.1"
      classnames "2.x"
      rc-motion "^2.4.3"
      rc-overflow "^1.2.8"
      rc-trigger "^5.1.2"
      rc-util "^5.27.0"
  
  rc-motion@^2.0.0, rc-motion@^2.0.1, rc-motion@^2.3.0, rc-motion@^2.3.4, rc-motion@^2.4.3, rc-motion@^2.4.4, rc-motion@^2.6.0, rc-motion@^2.6.1, rc-motion@^2.6.2:
    version "2.6.3"
    resolved "https://registry.npmjs.org/rc-motion/-/rc-motion-2.6.3.tgz"
    integrity sha512-xFLkes3/7VL/J+ah9jJruEW/Akbx5F6jVa2wG5o/ApGKQKSOd5FR3rseHLL9+xtJg4PmCwo6/1tqhDO/T+jFHA==
    dependencies:
      "@babel/runtime" "^7.11.1"
      classnames "^2.2.1"
      rc-util "^5.21.0"
  
  rc-notification@~5.0.0:
    version "5.0.2"
    resolved "https://registry.npmjs.org/rc-notification/-/rc-notification-5.0.2.tgz"
    integrity sha512-74wUFiLlyr6lRGEY1m1BaTiDp+0lIT4FRAblMnh9FApyK2JGdsSLbrQ/1rgM7d2N/IX5UIr8kLLW3TdXxFt/jQ==
    dependencies:
      "@babel/runtime" "^7.10.1"
      classnames "2.x"
      rc-motion "^2.6.0"
      rc-util "^5.20.1"
  
  rc-overflow@^1.0.0, rc-overflow@^1.2.8:
    version "1.2.8"
    resolved "https://registry.npmjs.org/rc-overflow/-/rc-overflow-1.2.8.tgz"
    integrity sha512-QJ0UItckWPQ37ZL1dMEBAdY1dhfTXFL9k6oTTcyydVwoUNMnMqCGqnRNA98axSr/OeDKqR6DVFyi8eA5RQI/uQ==
    dependencies:
      "@babel/runtime" "^7.11.1"
      classnames "^2.2.1"
      rc-resize-observer "^1.0.0"
      rc-util "^5.19.2"
  
  rc-pagination@~3.2.0:
    version "3.2.0"
    resolved "https://registry.npmjs.org/rc-pagination/-/rc-pagination-3.2.0.tgz"
    integrity sha512-5tIXjB670WwwcAJzAqp2J+cOBS9W3cH/WU1EiYwXljuZ4vtZXKlY2Idq8FZrnYBz8KhN3vwPo9CoV/SJS6SL1w==
    dependencies:
      "@babel/runtime" "^7.10.1"
      classnames "^2.2.1"
  
  rc-picker@~3.2.4:
    version "3.2.4"
    resolved "https://registry.npmjs.org/rc-picker/-/rc-picker-3.2.4.tgz"
    integrity sha512-AydqPVS12u+46P6DwF0iMi4p5UAAnb64drcA/zUgNXkkB6rQhUwtYP7E75YM0WylT54F3sLhe+WttZynxtsU+Q==
    dependencies:
      "@babel/runtime" "^7.10.1"
      classnames "^2.2.1"
      rc-trigger "^5.0.4"
      rc-util "^5.27.0"
  
  rc-progress@~3.4.1:
    version "3.4.1"
    resolved "https://registry.npmjs.org/rc-progress/-/rc-progress-3.4.1.tgz"
    integrity sha512-eAFDHXlk8aWpoXl0llrenPMt9qKHQXphxcVsnKs0FHC6eCSk1ebJtyaVjJUzKe0233ogiLDeEFK1Uihz3s67hw==
    dependencies:
      "@babel/runtime" "^7.10.1"
      classnames "^2.2.6"
      rc-util "^5.16.1"
  
  rc-rate@~2.9.0:
    version "2.9.2"
    resolved "https://registry.npmjs.org/rc-rate/-/rc-rate-2.9.2.tgz"
    integrity sha512-SaiZFyN8pe0Fgphv8t3+kidlej+cq/EALkAJAc3A0w0XcPaH2L1aggM8bhe1u6GAGuQNAoFvTLjw4qLPGRKV5g==
    dependencies:
      "@babel/runtime" "^7.10.1"
      classnames "^2.2.5"
      rc-util "^5.0.1"
  
  rc-resize-observer@^1.0.0, rc-resize-observer@^1.1.0, rc-resize-observer@^1.2.0, rc-resize-observer@^1.3.1:
    version "1.3.1"
    resolved "https://registry.npmjs.org/rc-resize-observer/-/rc-resize-observer-1.3.1.tgz"
    integrity sha512-iFUdt3NNhflbY3mwySv5CA1TC06zdJ+pfo0oc27xpf4PIOvfZwZGtD9Kz41wGYqC4SLio93RVAirSSpYlV/uYg==
    dependencies:
      "@babel/runtime" "^7.20.7"
      classnames "^2.2.1"
      rc-util "^5.27.0"
      resize-observer-polyfill "^1.5.1"
  
  rc-segmented@~2.1.2:
    version "2.1.2"
    resolved "https://registry.npmjs.org/rc-segmented/-/rc-segmented-2.1.2.tgz"
    integrity sha512-qGo1bCr83ESXpXVOCXjFe1QJlCAQXyi9KCiy8eX3rIMYlTeJr/ftySIaTnYsitL18SvWf5ZEHsfqIWoX0EMfFQ==
    dependencies:
      "@babel/runtime" "^7.11.1"
      classnames "^2.2.1"
      rc-motion "^2.4.4"
      rc-util "^5.17.0"
  
  rc-select@~14.3.0:
    version "14.3.0"
    resolved "https://registry.npmjs.org/rc-select/-/rc-select-14.3.0.tgz"
    integrity sha512-y+TeAKvAvfAS7WXn4nFU8xtWJ1kLC7SVBvX3UQYtfU+N3BYNpNzHw/3F1Gu34rN2YWTG4hwspwFvDuRtGXytlQ==
    dependencies:
      "@babel/runtime" "^7.10.1"
      "@rc-component/trigger" "^1.4.0"
      classnames "2.x"
      rc-motion "^2.0.1"
      rc-overflow "^1.0.0"
      rc-util "^5.16.1"
      rc-virtual-list "^3.4.13"
  
  rc-slider@~10.1.0:
    version "10.1.1"
    resolved "https://registry.npmjs.org/rc-slider/-/rc-slider-10.1.1.tgz"
    integrity sha512-gn8oXazZISEhnmRinI89Z/JD/joAaM35jp+gDtIVSTD/JJMCCBqThqLk1SVJmvtfeiEF/kKaFY0+qt4SDHFUDw==
    dependencies:
      "@babel/runtime" "^7.10.1"
      classnames "^2.2.5"
      rc-util "^5.27.0"
  
  rc-steps@~6.0.0:
    version "6.0.0"
    resolved "https://registry.npmjs.org/rc-steps/-/rc-steps-6.0.0.tgz"
    integrity sha512-+KfMZIty40mYCQSDvYbZ1jwnuObLauTiIskT1hL4FFOBHP6ZOr8LK0m143yD3kEN5XKHSEX1DIwCj3AYZpoeNQ==
    dependencies:
      "@babel/runtime" "^7.16.7"
      classnames "^2.2.3"
      rc-util "^5.16.1"
  
  rc-switch@~4.0.0:
    version "4.0.0"
    resolved "https://registry.npmjs.org/rc-switch/-/rc-switch-4.0.0.tgz"
    integrity sha512-IfrYC99vN0gKaTyjQdqYuADU0eH00SAFHg3jOp8HrmUpJruhV1SohJzrCbPqPraZeX/6X/QKkdLfkdnUub05WA==
    dependencies:
      "@babel/runtime" "^7.10.1"
      classnames "^2.2.1"
      rc-util "^5.0.1"
  
  rc-table@~7.31.0:
    version "7.31.0"
    resolved "https://registry.npmjs.org/rc-table/-/rc-table-7.31.0.tgz"
    integrity sha512-TiWonax1f0B/WBh4yyA0q9GyGdKluvC1z39cPoTuRDf+zsBFDyla4T8xCK8Hzx4EugPE9f9a9fCa/i7N9+SSyA==
    dependencies:
      "@babel/runtime" "^7.10.1"
      "@rc-component/context" "^1.3.0"
      classnames "^2.2.5"
      rc-resize-observer "^1.1.0"
      rc-util "^5.27.1"
  
  rc-tabs@~12.5.6:
    version "12.5.7"
    resolved "https://registry.npmjs.org/rc-tabs/-/rc-tabs-12.5.7.tgz"
    integrity sha512-i9gY2TcwCNmBM+bXCDDTvb6mnRYIDkkNm+UGoIqrLOFnRRbAqjsSf+tgyvzhBvbK8XcSrMhzKKLaOMbGyND8YA==
    dependencies:
      "@babel/runtime" "^7.11.2"
      classnames "2.x"
      rc-dropdown "~4.0.0"
      rc-menu "~9.8.0"
      rc-motion "^2.6.2"
      rc-resize-observer "^1.0.0"
      rc-util "^5.16.0"
  
  rc-textarea@^1.0.0, rc-textarea@~1.0.0:
    version "1.0.1"
    resolved "https://registry.npmjs.org/rc-textarea/-/rc-textarea-1.0.1.tgz"
    integrity sha512-dtIm96apjJpCUcCeTtbnLGJaVlqbOqVgN0P9z+bqMSi7rcV5QVeUtBnG+jQTGk/uD183Z7jbhc8Dx7G3luDCwg==
    dependencies:
      "@babel/runtime" "^7.10.1"
      classnames "^2.2.1"
      rc-input "^0.2.1"
      rc-resize-observer "^1.0.0"
      rc-util "^5.27.0"
  
  rc-tooltip@~6.0.0:
    version "6.0.1"
    resolved "https://registry.npmjs.org/rc-tooltip/-/rc-tooltip-6.0.1.tgz"
    integrity sha512-MdvPlsD1fDSxKp9+HjXrc/CxLmA/s11QYIh1R7aExxfodKP7CZA++DG1AjrW80F8IUdHYcR43HAm0Y2BYPelHA==
    dependencies:
      "@babel/runtime" "^7.11.2"
      "@rc-component/trigger" "^1.0.4"
      classnames "^2.3.1"
  
  rc-tree-select@~5.7.0:
    version "5.7.0"
    resolved "https://registry.npmjs.org/rc-tree-select/-/rc-tree-select-5.7.0.tgz"
    integrity sha512-YGMpBFK9qBkgng2ZhOw7yFiL9VnjHij+uNvP+tiU/QZGdf2XcO8LHXQNUZRGAEzx4PT5lUs6d7kIfkQ9a74bqg==
    dependencies:
      "@babel/runtime" "^7.10.1"
      classnames "2.x"
      rc-select "~14.3.0"
      rc-tree "~5.7.0"
      rc-util "^5.16.1"
  
  rc-tree@~5.7.0:
    version "5.7.2"
    resolved "https://registry.npmjs.org/rc-tree/-/rc-tree-5.7.2.tgz"
    integrity sha512-nmnL6qLnfwVckO5zoqKL2I9UhwDqzyCtjITQCkwhimyz1zfuFkG5ZPIXpzD/Guzso94qQA/QrMsvzic5W6QDjg==
    dependencies:
      "@babel/runtime" "^7.10.1"
      classnames "2.x"
      rc-motion "^2.0.1"
      rc-util "^5.16.1"
      rc-virtual-list "^3.4.8"
  
  rc-trigger@^5.0.4, rc-trigger@^5.1.2, rc-trigger@^5.3.1, rc-trigger@^5.3.4:
    version "5.3.4"
    resolved "https://registry.npmjs.org/rc-trigger/-/rc-trigger-5.3.4.tgz"
    integrity sha512-mQv+vas0TwKcjAO2izNPkqR4j86OemLRmvL2nOzdP9OWNWA1ivoTt5hzFqYNW9zACwmTezRiN8bttrC7cZzYSw==
    dependencies:
      "@babel/runtime" "^7.18.3"
      classnames "^2.2.6"
      rc-align "^4.0.0"
      rc-motion "^2.0.0"
      rc-util "^5.19.2"
  
  rc-upload@~4.3.0:
    version "4.3.4"
    resolved "https://registry.npmjs.org/rc-upload/-/rc-upload-4.3.4.tgz"
    integrity sha512-uVbtHFGNjHG/RyAfm9fluXB6pvArAGyAx8z7XzXXyorEgVIWj6mOlriuDm0XowDHYz4ycNK0nE0oP3cbFnzxiQ==
    dependencies:
      "@babel/runtime" "^7.18.3"
      classnames "^2.2.5"
      rc-util "^5.2.0"
  
  rc-util@^5.0.1, rc-util@^5.0.6, rc-util@^5.15.0, rc-util@^5.16.0, rc-util@^5.16.1, rc-util@^5.17.0, rc-util@^5.18.1, rc-util@^5.19.2, rc-util@^5.2.0, rc-util@^5.20.1, rc-util@^5.21.0, rc-util@^5.21.2, rc-util@^5.22.5, rc-util@^5.24.4, rc-util@^5.26.0, rc-util@^5.27.0, rc-util@^5.27.1, rc-util@^5.28.0, rc-util@^5.6.1, rc-util@^5.8.0, rc-util@^5.9.4:
    version "5.28.0"
    resolved "https://registry.npmjs.org/rc-util/-/rc-util-5.28.0.tgz"
    integrity sha512-KYDjhGodswVj29v0TRciKTqRPgumIFvFDndbCD227pitQ+0Cei196rxk+OXb/blu6V8zdTRK5RjCJn+WmHLvBA==
    dependencies:
      "@babel/runtime" "^7.18.3"
      react-is "^16.12.0"
  
  rc-virtual-list@^3.4.13, rc-virtual-list@^3.4.8:
    version "3.4.13"
    resolved "https://registry.npmjs.org/rc-virtual-list/-/rc-virtual-list-3.4.13.tgz"
    integrity sha512-cPOVDmcNM7rH6ANotanMDilW/55XnFPw0Jh/GQYtrzZSy3AmWvCnqVNyNC/pgg3lfVmX2994dlzAhuUrd4jG7w==
    dependencies:
      "@babel/runtime" "^7.20.0"
      classnames "^2.2.6"
      rc-resize-observer "^1.0.0"
      rc-util "^5.15.0"
  
  react-dom@*, react-dom@^18.2.0, react-dom@>=16.0.0, react-dom@>=16.11.0, react-dom@>=16.8, react-dom@>=16.9.0:
    version "18.2.0"
    resolved "https://registry.npmjs.org/react-dom/-/react-dom-18.2.0.tgz"
    integrity sha512-6IMTriUmvsjHUjNtEDudZfuDQUoWXVxKHhlEGSk81n4YFS+r/Kl99wXiwlVXtPBtJenozv2P+hxDsw9eA7Xo6g==
    dependencies:
      loose-envify "^1.1.0"
      scheduler "^0.23.0"
  
  react-fetch-hook@^1.9.5:
    version "1.9.5"
    resolved "https://registry.npmjs.org/react-fetch-hook/-/react-fetch-hook-1.9.5.tgz"
    integrity sha512-LhTwUk0iYQ4SUl2laQr5Jc2fk/K4B6ezntDWWBNdlag/cB3n2RYshofIL3bOghE5FEfkoDi6BqGD/YIwqW1/8w==
  
  react-is@^16.12.0:
    version "16.13.1"
    resolved "https://registry.npmjs.org/react-is/-/react-is-16.13.1.tgz"
    integrity sha512-24e6ynE2H+OKt4kqsOvNd8kBpV65zoxbA4BVsEOB3ARVWQki/DHzaUoC5KuON/BiccDaCCTZBuOcfZs70kR8bQ==
  
  react-router-dom@^6.8.2:
    version "6.8.2"
    resolved "https://registry.npmjs.org/react-router-dom/-/react-router-dom-6.8.2.tgz"
    integrity sha512-N/oAF1Shd7g4tWy+75IIufCGsHBqT74tnzHQhbiUTYILYF0Blk65cg+HPZqwC+6SqEyx033nKqU7by38v3lBZg==
    dependencies:
      "@remix-run/router" "1.3.3"
      react-router "6.8.2"
  
  react-router@6.8.2:
    version "6.8.2"
    resolved "https://registry.npmjs.org/react-router/-/react-router-6.8.2.tgz"
    integrity sha512-lF7S0UmXI5Pd8bmHvMdPKI4u4S5McxmHnzJhrYi9ZQ6wE+DA8JN5BzVC5EEBuduWWDaiJ8u6YhVOCmThBli+rw==
    dependencies:
      "@remix-run/router" "1.3.3"
  
  react@*, "react@^16.8.0 || ^17.0.0 || ^18.0.0", react@^18.2.0, react@>=16.0.0, react@>=16.11.0, react@>=16.8, "react@>=16.8.0 <19.0.0", react@>=16.9.0:
    version "18.2.0"
    resolved "https://registry.npmjs.org/react/-/react-18.2.0.tgz"
    integrity sha512-/3IjMdb2L9QbBdWiW5e3P2/npwMBaU9mHCSCUzNln0ZCYbcfTsGbTJrU/kGemdH2IWmB2ioZ+zkxtmq6g09fGQ==
    dependencies:
      loose-envify "^1.1.0"
  
  readdirp@~3.6.0:
    version "3.6.0"
    resolved "https://registry.npmjs.org/readdirp/-/readdirp-3.6.0.tgz"
    integrity sha512-hOS089on8RduqdbhvQ5Z37A0ESjsqz6qnRcffsMU3495FuTdqSm+7bhJ29JvIOsBDEEnan5DPu9t3To9VRlMzA==
    dependencies:
      picomatch "^2.2.1"
  
  regenerator-runtime@^0.13.11:
    version "0.13.11"
    resolved "https://registry.npmjs.org/regenerator-runtime/-/regenerator-runtime-0.13.11.tgz"
    integrity sha512-kY1AZVr2Ra+t+piVaJ4gxaFaReZVH40AKNo7UCX6W+dEwBo/2oZJzqfuN1qLq1oL45o56cPaTXELwrTh8Fpggg==
  
  resize-observer-polyfill@^1.5.1:
    version "1.5.1"
    resolved "https://registry.npmjs.org/resize-observer-polyfill/-/resize-observer-polyfill-1.5.1.tgz"
    integrity sha512-LwZrotdHOo12nQuZlHEmtuXdqGoOD0OhaxopaNFxWzInpEgaLWoVuAMbTzixuosCx2nEG58ngzW3vxdWoxIgdg==
  
  sass@^1.58.3:
    version "1.58.3"
    resolved "https://registry.npmjs.org/sass/-/sass-1.58.3.tgz"
    integrity sha512-Q7RaEtYf6BflYrQ+buPudKR26/lH+10EmO9bBqbmPh/KeLqv8bjpTNqxe71ocONqXq+jYiCbpPUmQMS+JJPk4A==
    dependencies:
      chokidar ">=3.0.0 <4.0.0"
      immutable "^4.0.0"
      source-map-js ">=0.6.2 <2.0.0"
  
  scheduler@^0.23.0:
    version "0.23.0"
    resolved "https://registry.npmjs.org/scheduler/-/scheduler-0.23.0.tgz"
    integrity sha512-CtuThmgHNg7zIZWAXi3AsyIzA3n4xx7aNyjwC2VJldO2LMVDhFK+63xGqq6CsJH4rTAt6/M+N4GhZiDYPx9eUw==
    dependencies:
      loose-envify "^1.1.0"
  
  scroll-into-view-if-needed@^3.0.3:
    version "3.0.6"
    resolved "https://registry.npmjs.org/scroll-into-view-if-needed/-/scroll-into-view-if-needed-3.0.6.tgz"
    integrity sha512-x+CW0kOzlFNOnseF0DBr0AJ5m+TgGmSOdEZwyiZW0gV87XBvxQKw5A8DvFFgabznA68XqLgVX+PwPX8OzsFvRA==
    dependencies:
      compute-scroll-into-view "^3.0.0"
  
  "source-map-js@>=0.6.2 <2.0.0":
    version "1.0.2"
    resolved "https://registry.npmjs.org/source-map-js/-/source-map-js-1.0.2.tgz"
    integrity sha512-R0XvVJ9WusLiqTCEiGCmICCMplcCkIwwR11mOSD9CR5u+IXYdiseeEuXCVAjS54zqwkLcPNnmU4OeJ6tUrWhDw==
  
  string-convert@^0.2.0:
    version "0.2.1"
    resolved "https://registry.npmjs.org/string-convert/-/string-convert-0.2.1.tgz"
    integrity sha512-u/1tdPl4yQnPBjnVrmdLo9gtuLvELKsAoRapekWggdiQNvvvum+jYF329d84NAa660KQw7pB2n36KrIKVoXa3A==
  
  stylis@^4.0.13:
    version "4.1.3"
    resolved "https://registry.npmjs.org/stylis/-/stylis-4.1.3.tgz"
    integrity sha512-GP6WDNWf+o403jrEp9c5jibKavrtLW+/qYGhFxFrG8maXhwTBI7gLLhiBb0o7uFccWN+EOS9aMO6cGHWAO07OA==
  
  throttle-debounce@^5.0.0:
    version "5.0.0"
    resolved "https://registry.npmjs.org/throttle-debounce/-/throttle-debounce-5.0.0.tgz"
    integrity sha512-2iQTSgkkc1Zyk0MeVrt/3BvuOXYPl/R8Z0U2xxo9rjwNciaHDG3R+Lm6dh4EeUci49DanvBnuqI6jshoQQRGEg==
  
  to-regex-range@^5.0.1:
    version "5.0.1"
    resolved "https://registry.npmjs.org/to-regex-range/-/to-regex-range-5.0.1.tgz"
    integrity sha512-65P7iz6X5yEr1cwcgvQxbbIw7Uk3gOy5dIdtZ4rDveLqhrdJP+Li/Hx6tyK0NEb+2GCyneCMJiGqrADCSNk8sQ==
    dependencies:
      is-number "^7.0.0"
  
  toggle-selection@^1.0.6:
    version "1.0.6"
    resolved "https://registry.npmjs.org/toggle-selection/-/toggle-selection-1.0.6.tgz"
    integrity sha512-BiZS+C1OS8g/q2RRbJmy59xpyghNBqrr6k5L/uKBGRsTfxmu3ffiRnd8mlGPUVayg8pvfi5urfnu8TU7DVOkLQ==
  
  vary@^1:
    version "1.1.2"
    resolved "https://registry.npmjs.org/vary/-/vary-1.1.2.tgz"
    integrity sha512-BNGbWLfd0eUPabhkXUVm0j8uuvREyTh5ovRa/dyow/BqAbZJyC+5fU+IzQOzmAKzYqYRAISoRhdQr3eIZ/PXqg==
